Copyright 1986-2020 Xilinx, Inc. All Rights Reserved.
-------------------------------------------------------------------------------------
| Tool Version : Vivado v.2020.1 (win64) Build 2902540 Wed May 27 19:54:49 MDT 2020
| Date         : Fri Nov 26 12:45:51 2021
| Host         : ALI-PC running 64-bit major release  (build 9200)
| Command      : report_control_sets -verbose -file topLevel_control_sets_placed.rpt
| Design       : topLevel
| Device       : xc7a35t
-------------------------------------------------------------------------------------

Control Set Information

Table of Contents
-----------------
1. Summary
2. Histogram
3. Flip-Flop Distribution
4. Detailed Control Set Information

1. Summary
----------

+----------------------------------------------------------+-------+
|                          Status                          | Count |
+----------------------------------------------------------+-------+
| Total control sets                                       |     6 |
|    Minimum number of control sets                        |     6 |
|    Addition due to synthesis replication                 |     0 |
|    Addition due to physical synthesis replication        |     0 |
| Unused register locations in slices containing registers |    29 |
+----------------------------------------------------------+-------+
* Control sets can be merged at opt_design using control_set_merge or merge_equivalent_drivers
** Run report_qor_suggestions for automated merging and remapping suggestions


2. Histogram
------------

+--------------------+-------+
|       Fanout       | Count |
+--------------------+-------+
| Total control sets |     6 |
| >= 0 to < 4        |     3 |
| >= 4 to < 6        |     0 |
| >= 6 to < 8        |     0 |
| >= 8 to < 10       |     1 |
| >= 10 to < 12      |     1 |
| >= 12 to < 14      |     1 |
| >= 14 to < 16      |     0 |
| >= 16              |     0 |
+--------------------+-------+
* Control sets can be remapped at either synth_design or opt_design


3. Flip-Flop Distribution
-------------------------

+--------------+-----------------------+------------------------+-----------------+--------------+
| Clock Enable | Synchronous Set/Reset | Asynchronous Set/Reset | Total Registers | Total Slices |
+--------------+-----------------------+------------------------+-----------------+--------------+
| No           | No                    | No                     |               3 |            2 |
| No           | No                    | Yes                    |               0 |            0 |
| No           | Yes                   | No                     |              22 |            9 |
| Yes          | No                    | No                     |               2 |            1 |
| Yes          | No                    | Yes                    |               0 |            0 |
| Yes          | Yes                   | No                     |               8 |            2 |
+--------------+-----------------------+------------------------+-----------------+--------------+


4. Detailed Control Set Information
-----------------------------------

+----------------------+---------------+-----------------------+------------------+----------------+--------------+
|     Clock Signal     | Enable Signal |    Set/Reset Signal   | Slice Load Count | Bel Load Count | Bels / Slice |
+----------------------+---------------+-----------------------+------------------+----------------+--------------+
|  a1/clk_d_reg_0_BUFG |               |                       |                1 |              1 |         1.00 |
|  a1/clk_d_reg_0_BUFG | a2/E[0]       |                       |                1 |              2 |         2.00 |
|  clk_IBUF_BUFG       |               |                       |                1 |              2 |         2.00 |
|  a1/clk_d_reg_0_BUFG | a2/E[0]       | a3/v_count[9]_i_1_n_0 |                2 |              8 |         4.00 |
|  a1/clk_d_reg_0_BUFG |               | a2/clear              |                4 |             10 |         2.50 |
|  a1/clk_d_reg_0_BUFG |               | a2/red0               |                5 |             12 |         2.40 |
+----------------------+---------------+-----------------------+------------------+----------------+--------------+


